make all --print-data-base --no-builtin-variables --no-builtin-rules --question
# GNU Make 4.2.1
# Built for x86_64-pc-linux-gnu
# Copyright (C) 1988-2016 Free Software Foundation, Inc.
# License GPLv3+: GNU GPL version 3 or later <http://gnu.org/licenses/gpl.html>
# This is free software: you are free to change and redistribute it.
# There is NO WARRANTY, to the extent permitted by law.
 

# Make data base, printed on Tue May 24 20:32:26 2022

# Variables

# automatic
<D = $(patsubst %/,%,$(dir $<))
# automatic
?F = $(notdir $?)
# default
.SHELLFLAGS := -c
# environment
XDG_SESSION_CLASS = user
# environment
VSCODE_AGENT_FOLDER = /home/fengh/.vscode-server
# environment
XDG_SESSION_TYPE = tty
# environment
VSCODE_LOG_NATIVE = false
# automatic
?D = $(patsubst %/,%,$(dir $?))
# automatic
@D = $(patsubst %/,%,$(dir $@))
# automatic
@F = $(notdir $@)
# default
MAKE_VERSION := 4.2.1
# makefile
CURDIR := /home/fengh/GPU Training Material/week1_2-Intro/lab1
# makefile
SHELL = /bin/sh
# makefile (from 'Makefile', line 31)
NVCC_INCLUDE = 
# makefile (from 'Makefile', line 10)
CPP_FILES = src/blur.cpp
# environment
VSCODE_NLS_CONFIG = {"locale":"en","availableLanguages":{}}
# environment
_ = /home/fengh/.vscode-server/bin/c3511e6c69bb39013c4a4b7b9566ec1ca73fc4d5/node
# makefile (from 'Makefile', line 1)
MAKEFILE_LIST :=  Makefile
# makefile (from 'Makefile', line 20)
NVCC = $(CUDA_BIN_PATH)/nvcc
# 'override' directive
GNUMAKEFLAGS := 
# environment
XDG_DATA_DIRS = /usr/local/share:/usr/share:/var/lib/snapd/desktop
# environment
DBUS_SESSION_BUS_ADDRESS = unix:path=/run/user/1033/bus
# environment
VSCODE_VERBOSE_LOGGING = true
# environment
VSCODE_CWD = /home/fengh
# makefile (from 'Makefile', line 52)
GPP = g++
# environment
SSH_CONNECTION = 172.25.226.192 54205 10.102.32.202 22
# environment
PATH = /home/fengh/.vscode-server/bin/c3511e6c69bb39013c4a4b7b9566ec1ca73fc4d5/bin/remote-cli:/usr/local/sbin:/usr/local/bin:/usr/sbin:/usr/bin:/sbin:/bin:/usr/games:/usr/local/games:/snap/bin:/home/fengh/MYLIB/bin:/home/fengh/MYLIB/bin
# makefile (from 'Makefile', line 17)
CUDA_BIN_PATH = $(CUDA_PATH)/bin
# environment
C_INCLUDE_PATH = :/home/fengh/MYLIB/include:/home/fengh/MYLIB/include
# environment
XDG_RUNTIME_DIR = /run/user/1033
# environment
LIBRARY_PATH = :/home/fengh/MYLIB/lib:/home/fengh/MYLIB/lib
# environment
VSCODE_LOG_STACK = false
# environment
VSCODE_IPC_HOOK_CLI = /run/user/1033/vscode-ipc-d94aadf9-7749-49b4-b12e-bc5a8145e2ff.sock
# default
.FEATURES := target-specific order-only second-expansion else-if shortest-stem undefine oneshell archives jobserver output-sync check-symlink load
# environment
CPLUS_INCLUDE_PATH = :/home/fengh/MYLIB/include:/home/fengh/MYLIB/include
# automatic
%F = $(notdir $%)
# makefile (from 'Makefile', line 47)
CUDA_LINK_FLAGS = -dlink -Wno-deprecated-gpu-targets
# environment
VSCODE_PIPE_LOGGING = true
# environment
PWD = /home/fengh/GPU Training Material/week1_2-Intro/lab1
# default
.LOADED := 
# automatic
*D = $(patsubst %/,%,$(dir $*))
# environment
VSCODE_AMD_ENTRYPOINT = vs/workbench/api/node/extensionHostProcess
# environment
HOME = /home/fengh
# environment
LD_LIBRARY_PATH = :/home/fengh/MYLIB/lib:/home/fengh/MYLIB/lib
# makefile (from 'Makefile', line 9)
CUDA_FILES = src/blur.cu
# environment
LOGNAME = fengh
# environment
APPLICATION_INSIGHTS_NO_DIAGNOSTIC_CHANNEL = true
# automatic
+F = $(notdir $+)
# environment
VSCODE_HANDLES_UNCAUGHT_ERRORS = true
# automatic
^D = $(patsubst %/,%,$(dir $^))
# environment
MAKELEVEL := 0
# default
MAKE = $(MAKE_COMMAND)
# default
MAKECMDGOALS := all
# environment
SHLVL = 1
# environment
XDG_SESSION_ID = 21
# environment
USER = fengh
# makefile
.DEFAULT_GOAL := all
# makefile (from 'Makefile', line 54)
INCLUDE = -I$(CUDA_INC_PATH)
# automatic
%D = $(patsubst %/,%,$(dir $%))
# default
MAKE_COMMAND := make
# default
.VARIABLES := 
# automatic
*F = $(notdir $*)
# makefile (from 'Makefile', line 18)
CUDA_LIB_PATH = $(CUDA_PATH)/lib64
# makefile
MAKEFLAGS = pqrR
# environment
MFLAGS = -pqrR
# environment
SSH_CLIENT = 172.25.226.192 54205 22
# automatic
+D = $(patsubst %/,%,$(dir $+))
# makefile (from 'Makefile', line 33)
NVCC_GENCODES = -gencode arch=compute_35,code=sm_35 -gencode arch=compute_50,code=sm_50 -gencode arch=compute_52,code=sm_52 -gencode arch=compute_60,code=sm_60 -gencode arch=compute_61,code=sm_61 -gencode arch=compute_61,code=compute_61 -gencode arch=compute_86,code=compute_86
# environment
BROWSER = /home/fengh/.vscode-server/bin/c3511e6c69bb39013c4a4b7b9566ec1ca73fc4d5/bin/helpers/browser.sh
# environment
VSCODE_HANDLES_SIGPIPE = true
# makefile (from 'Makefile', line 42)
CUDA_OBJ_FILES = $(notdir $(addsuffix .o, $(CUDA_FILES)))
# default
 
MAKEFILES := 
# automatic
<F = $(notdir $<)
# environment
LC_ALL = C
# makefile (from 'Makefile', line 55)
LIBS = -L$(CUDA_LIB_PATH) -lcudart -lcufft -lsndfile
# automatic
^F = $(notdir $^)
# makefile (from 'Makefile', line 15)
CUDA_PATH = /usr/local/cuda
# makefile (from 'Makefile', line 63)
OBJ_NOAUDIO = $(addprefix noaudio-, $(notdir $(addsuffix .o, $(CPP_FILES))))
# default
SUFFIXES := 
# makefile (from 'Makefile', line 53)
FLAGS = -g -Wall -D_REENTRANT -std=c++0x -pthread
# makefile (from 'Makefile', line 29)
NVCC_FLAGS := -m64 -g -dc -Wno-deprecated-gpu-targets --std=c++11 --expt-relaxed-constexpr
# default
.INCLUDE_DIRS = /usr/include /usr/local/include /usr/include
# makefile (from 'Makefile', line 62)
OBJ_AUDIO = $(addprefix audio-, $(notdir $(addsuffix .o, $(CPP_FILES))))
# makefile (from 'Makefile', line 6)
CUDA_OBJ = cuda.o
# default
.RECIPEPREFIX := 
# makefile (from 'Makefile', line 32)
NVCC_LIBS = 
# default
MAKE_HOST := x86_64-pc-linux-gnu
# environment
LANG = C
# environment
VSCODE_EXTHOST_WILL_SEND_SOCKET = true
# environment
MOTD_SHOWN = pam
# makefile (from 'Makefile', line 16)
CUDA_INC_PATH = $(CUDA_PATH)/include
# variable set hash-table stats:
# Load=91/1024=9%, Rehash=0, Collisions=12/144=8%

# Pattern-specific Variable Values

# No pattern-specific variable values.

# Directories

# . (device 48, inode 11192680): 15 files, no impossibilities.
# src (device 48, inode 11190427): 6 files, no impossibilities so far.

# 21 files, no impossibilities in 2 directories.

# Implicit Rules

audio-%.cpp.o: src/%.cpp
#  recipe to execute (from 'Makefile', line 77):
	$(GPP) $(FLAGS) -D AUDIO_ON=1 -c -o $@ $(INCLUDE) $< 

noaudio-%.cpp.o: src/%.cpp
#  recipe to execute (from 'Makefile', line 80):
	$(GPP) $(FLAGS) -D AUDIO_ON=0 -c -o $@ $(INCLUDE) $< 

%.cu.o: src/%.cu
#  recipe to execute (from 'Makefile', line 85):
 
	$(NVCC) $(NVCC_FLAGS) $(NVCC_GENCODES) -c -o $@ $(NVCC_INCLUDE) $<

# 3 implicit rules, 0 (0.0%) terminal.

# Files

# Not a target:
src/blur.cpp:
#  Implicit rule search has been done.
#  Last modified 2022-05-24 19:13:09.381458859
#  File has been updated.
#  Successfully updated.

all: audio noaudio
#  Command line target.
#  Implicit rule search has been done.
#  File does not exist.
#  File has been updated.
#  Needs to be updated (-q is set).
# variable set hash-table stats:
# Load=0/32=0%, Rehash=0, Collisions=0/9=0%

.PHONY: clean
#  Implicit rule search has not been done.
#  Modification time never checked.
#  File has not been updated.

noaudio: noaudio-blur.cpp.o cuda.o blur.cu.o
#  Implicit rule search has not been done.
#  Modification time never checked.
#  File has not been updated.
#  recipe to execute (from 'Makefile', line 72):
	$(GPP) $(FLAGS) -o noaudio-blur $(INCLUDE) $^ $(LIBS) 

cuda: blur.cu.o cuda.o
#  Implicit rule search has not been done.
#  Modification time never checked.
#  File has not been updated.

cuda.o: blur.cu.o
#  Implicit rule search has not been done.
#  Last modified 2022-05-24 19:18:17.49459521
#  File has been updated.
#  Needs to be updated (-q is set).
# variable set hash-table stats:
# Load=0/32=0%, Rehash=0, Collisions=0/9=0%
#  recipe to execute (from 'Makefile', line 91):
	$(NVCC) $(CUDA_LINK_FLAGS) $(NVCC_GENCODES) -o $@ $(NVCC_INCLUDE) $^

# Not a target:
Makefile:
#  Implicit rule search has been done.
#  Last modified 2022-05-24 16:13:13.161672387
#  File has been updated.
#  Successfully updated.

blur.cu.o: src/blur.cu
#  Implicit rule search has been done.
 
#  Implicit/static pattern stem: 'blur'
#  Last modified 2022-05-24 19:18:17.378594766
#  File has been updated.
#  Needs to be updated (-q is set).
# automatic
# @ := blur.cu.o
# automatic
# % := 
# automatic
# * := blur
# automatic
# + := src/blur.cu
# automatic
# | := 
# automatic
# < := src/blur.cu
# automatic
# ^ := src/blur.cu
# automatic
# ? := src/blur.cu
# variable set hash-table stats:
# Load=8/32=25%, Rehash=0, Collisions=4/19=21%
#  recipe to execute (from 'Makefile', line 85):
	$(NVCC) $(NVCC_FLAGS) $(NVCC_GENCODES) -c -o $@ $(NVCC_INCLUDE) $<

audio-blur.cpp.o: src/blur.cpp
#  Implicit rule search has been done.
#  Implicit/static pattern stem: 'blur'
#  Last modified 2022-05-24 19:13:12.653470357
#  File has been updated.
#  Successfully updated.
#  recipe to execute (from 'Makefile', line 77):
	$(GPP) $(FLAGS) -D AUDIO_ON=1 -c -o $@ $(INCLUDE) $< 

# Not a target:
.DEFAULT:
#  Implicit rule search has not been done.
#  Modification time never checked.
#  File has not been updated.

clean:
#  Phony target (prerequisite of .PHONY).
#  Implicit rule search has not been done.
#  File does not exist.
 
#  File has not been updated.
#  recipe to execute (from 'Makefile', line 96):
	rm -f audio-blur noaudio-blur *.o *~
	rm -f src/*~

# Not a target:
noaudio-blur.cpp.o:
#  Implicit rule search has not been done.
#  Modification time never checked.
#  File has not been updated.

# Not a target:
src/blur.cu:
#  Implicit rule search has been done.
#  Last modified 2022-05-24 19:23:53.523917835
#  File has been updated.
#  Successfully updated.

audio: audio-blur.cpp.o cuda.o blur.cu.o
#  Implicit rule search has not been done.
#  File does not exist.
#  File has been updated.
#  Needs to be updated (-q is set).
# variable set hash-table stats:
# Load=0/32=0%, Rehash=0, Collisions=0/9=0%
#  recipe to execute (from 'Makefile', line 69):
	$(GPP) $(FLAGS) -o audio-blur $(INCLUDE) $^ $(LIBS) 

# files hash-table stats:
# Load=15/1024=1%, Rehash=0, Collisions=1/47=2%
# VPATH Search Paths

# No 'vpath' search paths.

# No general ('VPATH' variable) search path.

# strcache buffers: 1 (0) / strings = 37 / storage = 351 B / avg = 9 B
# current buf: size = 8162 B / used = 351 B / count = 37 / avg = 9 B

# strcache performance: lookups = 69 / hit rate = 46%
# hash-table stats:
# Load=37/8192=0%, Rehash=0, Collisions=2/69=3%
# Finished Make data base on Tue May 24 20:32:26 2022

 
